
ArgumentError: Invalid shells: 
  - py3

Currently available shells are:
  - bash
  - fish
  - powershell
  - tcsh
  - xonsh
  - zsh


CommandNotFoundError: Your shell has not been properly configured to use 'conda activate'.
To initialize your shell, run

    $ conda init <SHELL_NAME>

Currently supported shells are:
  - bash
  - fish
  - tcsh
  - xonsh
  - zsh
  - powershell

See 'conda init --help' for more information and options.

IMPORTANT: You may need to close and restart your shell after running 'conda init'.


Traceback (most recent call last):
  File "python_script.py", line 4, in <module>
    import pandas as pd
ModuleNotFoundError: No module named 'pandas'
Traceback (most recent call last):
  File "python_script.py", line 4, in <module>
    import pandas as pd
ModuleNotFoundError: No module named 'pandas'
Traceback (most recent call last):
  File "python_script.py", line 4, in <module>
    import pandas as pd
ModuleNotFoundError: No module named 'pandas'
Traceback (most recent call last):
  File "python_script.py", line 4, in <module>
    import pandas as pd
ModuleNotFoundError: No module named 'pandas'
