no change     /global/home/users/zyzheng/miniconda3/condabin/conda
no change     /global/home/users/zyzheng/miniconda3/bin/conda
no change     /global/home/users/zyzheng/miniconda3/bin/conda-env
no change     /global/home/users/zyzheng/miniconda3/bin/activate
no change     /global/home/users/zyzheng/miniconda3/bin/deactivate
no change     /global/home/users/zyzheng/miniconda3/etc/profile.d/conda.sh
no change     /global/home/users/zyzheng/miniconda3/etc/fish/conf.d/conda.fish
no change     /global/home/users/zyzheng/miniconda3/shell/condabin/Conda.psm1
no change     /global/home/users/zyzheng/miniconda3/shell/condabin/conda-hook.ps1
no change     /global/home/users/zyzheng/miniconda3/lib/python3.7/site-packages/xontrib/conda.xsh
no change     /global/home/users/zyzheng/miniconda3/etc/profile.d/conda.csh
no change     /global/home/users/zyzheng/.bashrc
No action taken.

CommandNotFoundError: Your shell has not been properly configured to use 'conda activate'.
To initialize your shell, run

    $ conda init <SHELL_NAME>

Currently supported shells are:
  - bash
  - fish
  - tcsh
  - xonsh
  - zsh
  - powershell

See 'conda init --help' for more information and options.

IMPORTANT: You may need to close and restart your shell after running 'conda init'.


Traceback (most recent call last):
  File "python_script.py", line 4, in <module>
    import pandas as pd
ModuleNotFoundError: No module named 'pandas'
Traceback (most recent call last):
  File "python_script.py", line 4, in <module>
    import pandas as pd
ModuleNotFoundError: No module named 'pandas'
Traceback (most recent call last):
  File "python_script.py", line 4, in <module>
    import pandas as pd
ModuleNotFoundError: No module named 'pandas'
Traceback (most recent call last):
  File "python_script.py", line 4, in <module>
    import pandas as pd
ModuleNotFoundError: No module named 'pandas'
